\BOOKMARK [0][-]{chapter*.3}{\376\377\000I\000n\000t\000r\000o\000d\000u\000z\000i\000o\000n\000e}{}% 1
\BOOKMARK [0][-]{chapter*.4}{\376\377\000I\000n\000t\000r\000o\000d\000u\000z\000i\000o\000n\000e}{}% 2
\BOOKMARK [0][-]{chapter.1}{\376\377\000F\000o\000n\000d\000a\000z\000i\000o\000n\000i\000\040\000t\000e\000o\000r\000i\000c\000h\000e\000\040\000e\000\040\000a\000r\000c\000h\000i\000t\000e\000t\000t\000u\000r\000a}{}% 3
\BOOKMARK [1][-]{section.1.1}{\376\377\000Q\000u\000a\000d\000r\000o\000\040\000t\000e\000o\000r\000i\000c\000o}{chapter.1}% 4
\BOOKMARK [2][-]{subsection.1.1.1}{\376\377\000I\000l\000\040\000c\000o\000n\000c\000e\000t\000t\000o\000\040\000d\000i\000\040\000s\000p\000a\000z\000i\000o\000\040\000L\000i\000m\000i\000n\000a\000l}{section.1.1}% 5
\BOOKMARK [2][-]{subsection.1.1.2}{\376\377\000C\000o\000n\000c\000e\000t\000t\000i\000\040\000e\000m\000o\000z\000i\000o\000n\000a\000l\000i\000\040\000c\000h\000i\000a\000v\000e}{section.1.1}% 6
\BOOKMARK [2][-]{subsection.1.1.3}{\376\377\000D\000i\000f\000f\000e\000r\000e\000n\000z\000e\000\040\000r\000i\000s\000p\000e\000t\000t\000o\000\040\000a\000l\000\040\000p\000r\000o\000g\000e\000t\000t\000o\000\040\000o\000r\000i\000g\000i\000n\000a\000l\000e}{section.1.1}% 7
\BOOKMARK [1][-]{section.1.2}{\376\377\000A\000r\000c\000h\000i\000t\000e\000t\000t\000u\000r\000a\000\040\000g\000l\000o\000b\000a\000l\000e\000\040\000d\000e\000l\000\040\000s\000i\000s\000t\000e\000m\000a}{chapter.1}% 8
\BOOKMARK [2][-]{subsection.1.2.1}{\376\377\000S\000c\000h\000e\000m\000a\000\040\000g\000e\000n\000e\000r\000a\000l\000e}{section.1.2}% 9
\BOOKMARK [2][-]{subsection.1.2.2}{\376\377\000I\000n\000f\000r\000a\000s\000t\000r\000u\000t\000t\000u\000r\000a\000\040\000e\000\040\000c\000o\000m\000u\000n\000i\000c\000a\000z\000i\000o\000n\000e}{section.1.2}% 10
\BOOKMARK [0][-]{chapter.2}{\376\377\000S\000v\000i\000l\000u\000p\000p\000o\000\040\000d\000e\000l\000l\000a\000\040\000p\000i\000p\000e\000l\000i\000n\000e}{}% 11
\BOOKMARK [1][-]{section.2.1}{\376\377\000F\000a\000s\000e\000\040\0001\000:\000\040\000I\000n\000p\000u\000t\000\040\000i\000n\000t\000e\000r\000a\000t\000t\000i\000v\000o\000\040\000\050\000i\000n\000p\000u\000t\000\137\000c\000a\000s\000e\000.\000p\000y\000\051}{chapter.2}% 12
\BOOKMARK [2][-]{subsection.2.1.1}{\376\377\000I\000n\000t\000e\000r\000f\000a\000c\000c\000i\000a\000\040\000u\000t\000e\000n\000t\000e\000\040\000i\000n\000\040\000i\000t\000a\000l\000i\000a\000n\000o}{section.2.1}% 13
\BOOKMARK [2][-]{subsection.2.1.2}{\376\377\000T\000r\000a\000d\000u\000z\000i\000o\000n\000e\000\040\000e\000\040\000n\000o\000r\000m\000a\000l\000i\000z\000z\000a\000z\000i\000o\000n\000e\000\040\000a\000u\000t\000o\000m\000a\000t\000i\000c\000a}{section.2.1}% 14
\BOOKMARK [2][-]{subsection.2.1.3}{\376\377\000F\000o\000r\000m\000a\000t\000o\000\040\000J\000S\000O\000N\000\040\000s\000t\000a\000n\000d\000a\000r\000d\000i\000z\000z\000a\000t\000o}{section.2.1}% 15
\BOOKMARK [1][-]{section.2.2}{\376\377\000F\000a\000s\000e\000\040\0002\000:\000\040\000P\000a\000r\000s\000i\000n\000g\000\040\000e\000\040\000n\000o\000r\000m\000a\000l\000i\000z\000z\000a\000z\000i\000o\000n\000e\000\040\000\050\000p\000a\000r\000s\000e\000\137\000c\000a\000s\000e\000s\000.\000p\000y\000\051}{chapter.2}% 16
\BOOKMARK [2][-]{subsection.2.2.1}{\376\377\000U\000n\000i\000f\000o\000r\000m\000i\000z\000z\000a\000z\000i\000o\000n\000e\000\040\000d\000e\000l\000l\000e\000\040\000e\000t\000i\000c\000h\000e\000t\000t\000e}{section.2.2}% 17
\BOOKMARK [1][-]{section.2.3}{\376\377\000F\000a\000s\000e\000\040\0003\000:\000\040\000F\000u\000s\000i\000o\000n\000e\000\040\000e\000m\000o\000z\000i\000o\000n\000a\000l\000e\000\040\000\050\000e\000m\000o\000t\000i\000o\000n\000\137\000f\000u\000s\000i\000o\000n\000.\000p\000y\000\051}{chapter.2}% 18
\BOOKMARK [2][-]{subsection.2.3.1}{\376\377\000T\000r\000e\000\040\000s\000e\000g\000n\000a\000l\000i\000,\000\040\000t\000r\000e\000\040\000p\000e\000s\000i}{section.2.3}% 19
\BOOKMARK [2][-]{subsection.2.3.2}{\376\377\000E\000s\000e\000m\000p\000i\000o\000\040\000d\000i\000\040\000c\000a\000l\000c\000o\000l\000o\000:\000\040\000c\000a\000s\000o\000\040\000M\000u\000f\000a\000s\000a}{section.2.3}% 20
\BOOKMARK [2][-]{subsection.2.3.3}{\376\377\000I\000m\000p\000a\000t\000t\000o\000\040\000d\000e\000l\000\040\000m\000o\000d\000e\000l\000l\000o\000\040\000L\000L\000M\000\040\000s\000u\000l\000l\000a\000\040\000P\000i\000p\000e\000l\000i\000n\000e}{section.2.3}% 21
\BOOKMARK [1][-]{section.2.4}{\376\377\000F\000a\000s\000e\000\040\0004\000:\000\040\000P\000u\000n\000t\000o\000\040\000c\000a\000r\000d\000i\000n\000a\000l\000e\000\040\000\050\000c\000a\000r\000d\000i\000n\000a\000l\000\137\000p\000o\000i\000n\000t\000.\000p\000y\000\051}{chapter.2}% 22
\BOOKMARK [2][-]{subsection.2.4.1}{\376\377\000R\000u\000o\000l\000o\000\040\000d\000e\000l\000\040\000p\000u\000n\000t\000o\000\040\000c\000a\000r\000d\000i\000n\000a\000l\000e\000\040\000n\000e\000l\000\040\000q\000u\000a\000d\000r\000o\000\040\000L\000i\000m\000i\000n\000a\000l}{section.2.4}% 23
\BOOKMARK [2][-]{subsection.2.4.2}{\376\377\000I\000d\000e\000n\000t\000i\000f\000i\000c\000a\000z\000i\000o\000n\000e\000\040\000v\000i\000a\000\040\000L\000l\000a\000m\000a}{section.2.4}% 24
\BOOKMARK [2][-]{subsection.2.4.3}{\376\377\000M\000e\000c\000c\000a\000n\000i\000s\000m\000o\000\040\000d\000i\000\040\000f\000a\000l\000l\000b\000a\000c\000k}{section.2.4}% 25
\BOOKMARK [1][-]{section.2.5}{\376\377\000F\000a\000s\000e\000\040\0005\000:\000\040\000G\000e\000n\000e\000r\000a\000z\000i\000o\000n\000e\000\040\000d\000e\000l\000\040\000p\000r\000o\000m\000p\000t\000\040\000M\000a\000r\000b\000l\000e\000\040\000\050\000b\000u\000i\000l\000d\000\137\000m\000a\000r\000b\000l\000e\000\137\000p\000r\000o\000m\000p\000t\000.\000p\000y\000\051}{chapter.2}% 26
\BOOKMARK [2][-]{subsection.2.5.1}{\376\377\000A\000s\000s\000e\000m\000b\000l\000a\000g\000g\000i\000o\000\040\000d\000e\000l\000\040\000p\000r\000o\000m\000p\000t\000\040\000p\000e\000r\000\040\000L\000l\000a\000m\000a}{section.2.5}% 27
\BOOKMARK [2][-]{subsection.2.5.2}{\376\377\000I\000l\000\040\000m\000e\000t\000a\000-\000p\000r\000o\000m\000p\000t\000:\000\040\000c\000u\000o\000r\000e\000\040\000d\000e\000l\000\040\000s\000i\000s\000t\000e\000m\000a}{section.2.5}% 28
\BOOKMARK [2][-]{subsection.2.5.3}{\376\377\000I\000n\000v\000o\000c\000a\000z\000i\000o\000n\000e\000\040\000d\000e\000l\000l\000'\000L\000L\000M\000\040\000e\000\040\000S\000t\000r\000a\000t\000e\000g\000i\000e\000\040\000d\000i\000\040\000P\000a\000r\000s\000i\000n\000g}{section.2.5}% 29
\BOOKMARK [2][-]{subsection.2.5.4}{\376\377\000E\000s\000e\000m\000p\000i\000o\000\040\000d\000i\000\040\000o\000u\000t\000p\000u\000t\000\040\000g\000e\000n\000e\000r\000a\000t\000o}{section.2.5}% 30
\BOOKMARK [1][-]{section.2.6}{\376\377\000F\000a\000s\000e\000\040\0006\000:\000\040\000V\000a\000l\000u\000t\000a\000z\000i\000o\000n\000e\000\040\000\050\000e\000v\000a\000l\000u\000a\000t\000e\000\137\000o\000u\000t\000p\000u\000t\000s\000.\000p\000y\000\051}{chapter.2}% 31
\BOOKMARK [2][-]{subsection.2.6.1}{\376\377\000A\000p\000p\000r\000o\000c\000c\000i\000o\000\040\000L\000L\000M\000-\000a\000s\000-\000a\000-\000J\000u\000d\000g\000e}{section.2.6}% 32
\BOOKMARK [1][-]{section.2.7}{\376\377\000F\000a\000s\000e\000\040\0007\000:\000\040\000G\000e\000n\000e\000r\000a\000z\000i\000o\000n\000e\000\040\000M\000a\000r\000b\000l\000e\000\040\000e\000\040\000R\000i\000s\000u\000l\000t\000a\000t\000i\000\040\000V\000i\000s\000i\000v\000i}{chapter.2}% 33
\BOOKMARK [2][-]{subsection.2.7.1}{\376\377\000A\000n\000a\000l\000i\000s\000i\000\040\000C\000r\000i\000t\000i\000c\000a\000\040\000d\000e\000i\000\040\000R\000i\000s\000u\000l\000t\000a\000t\000i}{section.2.7}% 34
\BOOKMARK [0][-]{chapter.3}{\376\377\000P\000r\000o\000b\000l\000e\000m\000i\000\040\000c\000r\000i\000t\000i\000c\000i\000\040\000e\000\040\000s\000o\000l\000u\000z\000i\000o\000n\000i}{}% 35
\BOOKMARK [1][-]{section.3.1}{\376\377\000T\000u\000n\000n\000e\000l\000\040\000S\000S\000H\000\040\000i\000n\000s\000t\000a\000b\000i\000l\000e\000\040\000\040\000k\000e\000e\000p\000a\000l\000i\000v\000e}{chapter.3}% 36
\BOOKMARK [1][-]{section.3.2}{\376\377\000T\000u\000n\000n\000e\000l\000\040\000S\000S\000H\000\040\000m\000u\000l\000t\000i\000p\000l\000i\000\040\000\040\000t\000u\000n\000n\000e\000l\000\040\000u\000n\000i\000c\000o\000\040\000i\000n\000\040\000p\000i\000p\000e\000l\000i\000n\000e\000.\000p\000y}{chapter.3}% 37
\BOOKMARK [1][-]{section.3.3}{\376\377\000P\000o\000r\000t\000a\000\040\0001\0001\0004\0003\0004\000\040\000o\000c\000c\000u\000p\000a\000t\000a\000\040\000d\000a\000\040\000O\000l\000l\000a\000m\000a\000\040\000l\000o\000c\000a\000l\000e}{chapter.3}% 38
\BOOKMARK [1][-]{section.3.4}{\376\377\000Q\000w\000e\000n\0003\000:\0001\000.\0007\000b\000\040\000t\000r\000o\000p\000p\000o\000\040\000p\000i\000c\000c\000o\000l\000o\000\040\000p\000e\000r\000\040\000l\000a\000\040\000g\000e\000n\000e\000r\000a\000z\000i\000o\000n\000e\000\040\000\040\000L\000l\000a\000m\000a\0003\000\040\000\050\0008\000B\000\051}{chapter.3}% 39
\BOOKMARK [1][-]{section.3.5}{\376\377\000a\000s\000y\000n\000c\000i\000o\000.\000r\000u\000n\000\050\000\051\000\040\000a\000n\000n\000i\000d\000a\000t\000o\000\040\000i\000n\000\040\000c\000a\000r\000d\000i\000n\000a\000l\000\137\000p\000o\000i\000n\000t\000.\000p\000y}{chapter.3}% 40
\BOOKMARK [0][-]{chapter.4}{\376\377\000R\000i\000s\000u\000l\000t\000a\000t\000i\000\040\000e\000\040\000a\000n\000a\000l\000i\000s\000i}{}% 41
\BOOKMARK [1][-]{section.4.1}{\376\377\000C\000a\000s\000i\000\040\000b\000e\000n\000c\000h\000m\000a\000r\000k\000\040\000t\000e\000s\000t\000a\000t\000i}{chapter.4}% 42
\BOOKMARK [1][-]{section.4.2}{\376\377\000V\000a\000l\000u\000t\000a\000z\000i\000o\000n\000i\000\040\000d\000e\000i\000\040\000p\000u\000n\000t\000i\000\040\000c\000a\000r\000d\000i\000n\000a\000l\000i\000\040\000g\000e\000n\000e\000r\000a\000t\000i}{chapter.4}% 43
\BOOKMARK [1][-]{section.4.3}{\376\377\000Q\000u\000a\000l\000i\000t\000\340\000\040\000d\000e\000i\000\040\000p\000r\000o\000m\000p\000t\000\040\000M\000a\000r\000b\000l\000e}{chapter.4}% 44
\BOOKMARK [1][-]{section.4.4}{\376\377\000R\000i\000s\000u\000l\000t\000a\000t\000i\000\040\000v\000i\000s\000i\000v\000i\000\040\000M\000a\000r\000b\000l\000e}{chapter.4}% 45
\BOOKMARK [1][-]{section.4.5}{\376\377\000L\000i\000m\000i\000t\000i\000\040\000i\000d\000e\000n\000t\000i\000f\000i\000c\000a\000t\000i}{chapter.4}% 46
\BOOKMARK [0][-]{chapter.5}{\376\377\000C\000o\000n\000c\000l\000u\000s\000i\000o\000n\000e}{}% 47
\BOOKMARK [0][-]{section*.27}{\376\377\000A\000p\000p\000e\000n\000d\000i\000c\000e\000s}{}% 48
\BOOKMARK [0][-]{chapter.1.A}{\376\377\000M\000e\000t\000a\000-\000p\000r\000o\000m\000p\000t\000\040\000c\000o\000m\000p\000l\000e\000t\000o}{}% 49
\BOOKMARK [0][-]{chapter.1.B}{\376\377\000T\000a\000b\000e\000l\000l\000a\000\040\000d\000i\000\040\000m\000a\000p\000p\000a\000t\000u\000r\000a\000\040\000e\000m\000o\000z\000i\000o\000n\000e\000\040\000\040\000m\000o\000n\000d\000o\000\040\0003\000D}{}% 50
\BOOKMARK [0][-]{chapter.1.C}{\376\377\000I\000l\000l\000u\000s\000t\000r\000a\000z\000i\000o\000n\000e\000\040\000d\000e\000l\000\040\000f\000u\000n\000z\000i\000o\000n\000a\000m\000e\000n\000t\000o\000\040\000d\000e\000l\000l\000a\000\040\000p\000i\000p\000e\000l\000i\000n\000e}{}% 51
\BOOKMARK [0][-]{chapter.1.D}{\376\377\000G\000u\000i\000d\000a\000\040\000a\000l\000l\000'\000i\000n\000s\000t\000a\000l\000l\000a\000z\000i\000o\000n\000e\000\040\000e\000\040\000r\000i\000p\000r\000o\000d\000u\000z\000i\000o\000n\000e}{}% 52
